c:\users\tomi\documents\github\sim-research\x64\debug\vc142.pdb
c:\users\tomi\documents\github\sim-research\x64\debug\vc142.idb
c:\users\tomi\documents\github\sim-research\x64\debug\simulation.obj
c:\users\tomi\documents\github\sim-research\x64\debug\skewness.obj
c:\users\tomi\documents\github\sim-research\x64\debug\serafini2019.obj
c:\users\tomi\documents\github\sim-research\x64\debug\kurtosis.obj
c:\users\tomi\documents\github\sim-research\x64\debug\kolmogorovd.obj
c:\users\tomi\documents\github\sim-research\x64\debug\getsample.obj
c:\users\tomi\documents\github\sim-research\x64\debug\getintermediatep.obj
c:\users\tomi\documents\github\sim-research\x64\debug\counsell2015.obj
c:\users\tomi\documents\github\sim-research\x64\debug\compute4thordermoments.obj
c:\users\tomi\documents\github\sim-research\x64\debug\simulation_windows.ilk
c:\users\tomi\documents\github\sim-research\x64\debug\simulation_windows.exe
c:\users\tomi\documents\github\sim-research\x64\debug\simulation_windows.pdb
c:\users\tomi\documents\github\sim-research\x64\debug\simulati.4dae43e2.tlog\cl.command.1.tlog
c:\users\tomi\documents\github\sim-research\x64\debug\simulati.4dae43e2.tlog\cl.read.1.tlog
c:\users\tomi\documents\github\sim-research\x64\debug\simulati.4dae43e2.tlog\cl.write.1.tlog
c:\users\tomi\documents\github\sim-research\x64\debug\simulati.4dae43e2.tlog\link.command.1.tlog
c:\users\tomi\documents\github\sim-research\x64\debug\simulati.4dae43e2.tlog\link.read.1.tlog
c:\users\tomi\documents\github\sim-research\x64\debug\simulati.4dae43e2.tlog\link.write.1.tlog
